<?xml version="1.0" encoding="UTF-8"?>
<!-- Generated by org.testng.reporters.JUnitReportReporter -->
<testsuite hostname="POOLW42SLPC7775" failures="0" tests="2" name="ApiGET_TestCases_Ques9.QuestionNine" time="4.284" errors="0" timestamp="2022-12-09T17:30:41 IST" skipped="0">
  <testcase classname="ApiGET_TestCases_Ques9.QuestionNine" name="getValidBanner" time="3.115"/>
  <system-out/>
  <testcase classname="ApiGET_TestCases_Ques9.QuestionNine" name="getFAQ" time="1.169"/>
  <system-out/>
</testsuite> <!-- ApiGET_TestCases_Ques9.QuestionNine -->
