<?xml version="1.0" encoding="UTF-8"?>
<!-- Generated by org.testng.reporters.JUnitReportReporter -->
<testsuite hostname="POOLW42SLPC7775" failures="0" tests="11" name="TestCases_5.QuestionFive_TestCases" time="326.407" errors="0" timestamp="2022-12-09T17:28:24 IST" skipped="0">
  <testcase classname="TestCases_5.QuestionFive_TestCases" name="validCouponLetters" time="31.546"/>
  <system-out/>
  <testcase classname="TestCases_5.QuestionFive_TestCases" name="validCouponNumbers" time="37.746"/>
  <system-out/>
  <testcase classname="TestCases_5.QuestionFive_TestCases" name="validCouponNumbersSpacesAndLetters" time="26.644"/>
  <system-out/>
  <testcase classname="TestCases_5.QuestionFive_TestCases" name="validCouponExisting" time="30.703"/>
  <system-out/>
  <testcase classname="TestCases_5.QuestionFive_TestCases" name="InvalidCouponSpaces" time="34.071"/>
  <system-out/>
  <testcase classname="TestCases_5.QuestionFive_TestCases" name="InvalidCouponBlank" time="27.136"/>
  <system-out/>
  <testcase classname="TestCases_5.QuestionFive_TestCases" name="InvalidCouponSpecCharsOnly" time="26.364"/>
  <system-out/>
  <testcase classname="TestCases_5.QuestionFive_TestCases" name="InvalidCouponInsufficient" time="28.336"/>
  <system-out/>
  <testcase classname="TestCases_5.QuestionFive_TestCases" name="InvalidCouponMoreCharacters" time="26.926"/>
  <system-out/>
  <testcase classname="TestCases_5.QuestionFive_TestCases" name="InvalidCouponSpecCharsAndLetters" time="27.607"/>
  <system-out/>
  <testcase classname="TestCases_5.QuestionFive_TestCases" name="InvalidCouponSpecCharsAndNumbers" time="29.328"/>
  <system-out/>
</testsuite> <!-- TestCases_5.QuestionFive_TestCases -->
