<?xml version="1.0" encoding="UTF-8"?>
<!-- Generated by org.testng.reporters.JUnitReportReporter -->
<testsuite hostname="POOLW42SLPC7775" failures="0" tests="1" name="TestCases_6.QuestionSix_TestCases" time="21.256" errors="0" timestamp="2022-12-09T13:45:10 IST" skipped="0">
  <testcase classname="TestCases_6.QuestionSix_TestCases" name="validCouponLetters" time="21.256"/>
  <system-out/>
</testsuite> <!-- TestCases_6.QuestionSix_TestCases -->
