<?xml version="1.0" encoding="UTF-8"?>
<!-- Generated by org.testng.reporters.JUnitReportReporter -->
<testsuite hostname="POOLW42SLPC7775" failures="0" tests="2" name="ApiPOST_TestCases_Ques10.QuestionTen" time="3.591" errors="0" timestamp="2022-12-09T18:42:28 IST" skipped="0">
  <testcase classname="ApiPOST_TestCases_Ques10.QuestionTen" name="Valid_loginuser" time="3.132"/>
  <system-out/>
  <testcase classname="ApiPOST_TestCases_Ques10.QuestionTen" name="blank" time="0.459"/>
  <system-out/>
</testsuite> <!-- ApiPOST_TestCases_Ques10.QuestionTen -->
